# JRE version: OpenJDK Runtime Environment (11.0.11+9) (build 11.0.11+9-b60-7590822)
# Java VM: OpenJDK 64-Bit Server VM (11.0.11+9-b60-7590822, mixed mode, tiered, compressed oops, g1 gc, windows-amd64)
Heap:
 garbage-first heap   total 1069056K, used 340992K [0x0000000080000000, 0x0000000100000000)
  region size 1024K, 7 young (7168K), 7 survivors (7168K)
 Metaspace       used 124548K, capacity 127821K, committed 128068K, reserved 1161216K
  class space    used 15908K, capacity 17124K, committed 17228K, reserved 1048576K
GC Heap History (20 events):
Event: 95.125 GC heap after
{Heap after GC invocations=56 (full 0):
 garbage-first heap   total 234496K, used 217751K [0x0000000080000000, 0x0000000100000000)
  region size 1024K, 2 young (2048K), 2 survivors (2048K)
 Metaspace       used 122153K, capacity 125287K, committed 125508K, reserved 1159168K
  class space    used 15435K, capacity 16582K, committed 16716K, reserved 1048576K
}
Event: 95.375 GC heap before
{Heap before GC invocations=56 (full 0):
 garbage-first heap   total 234496K, used 233111K [0x0000000080000000, 0x0000000100000000)
  region size 1024K, 10 young (10240K), 2 survivors (2048K)
 Metaspace       used 122364K, capacity 125522K, committed 125764K, reserved 1159168K
  class space    used 15459K, capacity 16617K, committed 16716K, reserved 1048576K
}
Event: 95.383 GC heap after
{Heap after GC invocations=57 (full 0):
 garbage-first heap   total 239616K, used 225084K [0x0000000080000000, 0x0000000100000000)
  region size 1024K, 2 young (2048K), 2 survivors (2048K)
 Metaspace       used 122364K, capacity 125522K, committed 125764K, reserved 1159168K
  class space    used 15459K, capacity 16617K, committed 16716K, reserved 1048576K
}
Event: 95.503 GC heap before
{Heap before GC invocations=58 (full 0):
 garbage-first heap   total 239616K, used 234300K [0x0000000080000000, 0x0000000100000000)
  region size 1024K, 11 young (11264K), 2 survivors (2048K)
 Metaspace       used 122366K, capacity 125522K, committed 125764K, reserved 1159168K
  class space    used 15459K, capacity 16617K, committed 16716K, reserved 1048576K
}
Event: 95.518 GC heap after
{Heap after GC invocations=59 (full 0):
 garbage-first heap   total 288768K, used 228842K [0x0000000080000000, 0x0000000100000000)
  region size 1024K, 2 young (2048K), 2 survivors (2048K)
 Metaspace       used 122366K, capacity 125522K, committed 125764K, reserved 1159168K
  class space    used 15459K, capacity 16617K, committed 16716K, reserved 1048576K
}
Event: 95.619 GC heap before
{Heap before GC invocations=59 (full 0):
 garbage-first heap   total 288768K, used 240106K [0x0000000080000000, 0x0000000100000000)
  region size 1024K, 14 young (14336K), 2 survivors (2048K)
 Metaspace       used 122367K, capacity 125522K, committed 125764K, reserved 1159168K
  class space    used 15459K, capacity 16617K, committed 16716K, reserved 1048576K
}
Event: 95.636 GC heap after
{Heap after GC invocations=60 (full 0):
 garbage-first heap   total 288768K, used 234077K [0x0000000080000000, 0x0000000100000000)
  region size 1024K, 2 young (2048K), 2 survivors (2048K)
 Metaspace       used 122367K, capacity 125522K, committed 125764K, reserved 1159168K
  class space    used 15459K, capacity 16617K, committed 16716K, reserved 1048576K
}
Event: 95.821 GC heap before
{Heap before GC invocations=60 (full 0):
 garbage-first heap   total 288768K, used 247389K [0x0000000080000000, 0x0000000100000000)
  region size 1024K, 14 young (14336K), 2 survivors (2048K)
 Metaspace       used 122368K, capacity 125522K, committed 125764K, reserved 1159168K
  class space    used 15459K, capacity 16617K, committed 16716K, reserved 1048576K
}
Event: 95.840 GC heap after
{Heap after GC invocations=61 (full 0):
 garbage-first heap   total 288768K, used 240180K [0x0000000080000000, 0x0000000100000000)
  region size 1024K, 2 young (2048K), 2 survivors (2048K)
 Metaspace       used 122368K, capacity 125522K, committed 125764K, reserved 1159168K
  class space    used 15459K, capacity 16617K, committed 16716K, reserved 1048576K
}
Event: 96.003 GC heap before
{Heap before GC invocations=61 (full 0):
 garbage-first heap   total 288768K, used 253492K [0x0000000080000000, 0x0000000100000000)
  region size 1024K, 14 young (14336K), 2 survivors (2048K)
 Metaspace       used 122368K, capacity 125522K, committed 125764K, reserved 1159168K
  class space    used 15459K, capacity 16617K, committed 16716K, reserved 1048576K
}
Event: 96.025 GC heap after
{Heap after GC invocations=62 (full 0):
 garbage-first heap   total 288768K, used 246594K [0x0000000080000000, 0x0000000100000000)
  region size 1024K, 2 young (2048K), 2 survivors (2048K)
 Metaspace       used 122368K, capacity 125522K, committed 125764K, reserved 1159168K
  class space    used 15459K, capacity 16617K, committed 16716K, reserved 1048576K
}
Event: 96.179 GC heap before
{Heap before GC invocations=62 (full 0):
 garbage-first heap   total 288768K, used 258882K [0x0000000080000000, 0x0000000100000000)
  region size 1024K, 14 young (14336K), 2 survivors (2048K)
 Metaspace       used 122369K, capacity 125522K, committed 125764K, reserved 1159168K
  class space    used 15459K, capacity 16617K, committed 16716K, reserved 1048576K
}
Event: 96.215 GC heap after
{Heap after GC invocations=63 (full 0):
 garbage-first heap   total 484352K, used 251343K [0x0000000080000000, 0x0000000100000000)
  region size 1024K, 2 young (2048K), 2 survivors (2048K)
 Metaspace       used 122369K, capacity 125522K, committed 125764K, reserved 1159168K
  class space    used 15459K, capacity 16617K, committed 16716K, reserved 1048576K
}
Event: 96.498 GC heap before
{Heap before GC invocations=64 (full 0):
 garbage-first heap   total 484352K, used 272847K [0x0000000080000000, 0x0000000100000000)
  region size 1024K, 23 young (23552K), 2 survivors (2048K)
 Metaspace       used 122369K, capacity 125522K, committed 125764K, reserved 1159168K
  class space    used 15459K, capacity 16617K, committed 16716K, reserved 1048576K
}
Event: 96.534 GC heap after
{Heap after GC invocations=65 (full 0):
 garbage-first heap   total 484352K, used 261721K [0x0000000080000000, 0x0000000100000000)
  region size 1024K, 9 young (9216K), 9 survivors (9216K)
 Metaspace       used 122369K, capacity 125522K, committed 125764K, reserved 1159168K
  class space    used 15459K, capacity 16617K, committed 16716K, reserved 1048576K
}
Event: 97.637 GC heap before
{Heap before GC invocations=66 (full 0):
 garbage-first heap   total 484352K, used 324185K [0x0000000080000000, 0x0000000100000000)
  region size 1024K, 69 young (70656K), 9 survivors (9216K)
 Metaspace       used 124494K, capacity 127754K, committed 128068K, reserved 1161216K
  class space    used 15908K, capacity 17124K, committed 17228K, reserved 1048576K
}
Event: 97.735 GC heap after
{Heap after GC invocations=67 (full 0):
 garbage-first heap   total 484352K, used 286934K [0x0000000080000000, 0x0000000100000000)
  region size 1024K, 9 young (9216K), 9 survivors (9216K)
 Metaspace       used 124494K, capacity 127754K, committed 128068K, reserved 1161216K
  class space    used 15908K, capacity 17124K, committed 17228K, reserved 1048576K
}
Event: 98.061 GC heap before
{Heap before GC invocations=67 (full 0):
 garbage-first heap   total 484352K, used 342230K [0x0000000080000000, 0x0000000100000000)
  region size 1024K, 64 young (65536K), 9 survivors (9216K)
 Metaspace       used 124521K, capacity 127821K, committed 128068K, reserved 1161216K
  class space    used 15908K, capacity 17124K, committed 17228K, reserved 1048576K
}
Event: 98.152 GC heap after
{Heap after GC invocations=68 (full 0):
 garbage-first heap   total 484352K, used 315392K [0x0000000080000000, 0x0000000100000000)
  region size 1024K, 8 young (8192K), 8 survivors (8192K)
 Metaspace       used 124521K, capacity 127821K, committed 128068K, reserved 1161216K
  class space    used 15908K, capacity 17124K, committed 17228K, reserved 1048576K
}
Event: 98.953 GC heap before
{Heap before GC invocations=68 (full 0):
 garbage-first heap   total 484352K, used 363520K [0x0000000080000000, 0x0000000100000000)
  region size 1024K, 55 young (56320K), 8 survivors (8192K)
 Metaspace       used 124548K, capacity 127821K, committed 128068K, reserved 1161216K
  class space    used 15908K, capacity 17124K, committed 17228K, reserved 1048576K
}

